---------- Date: 2013-03-04 06:59:08 ~ IP : 127.0.0.1 ----------
REQUEST URI : /
MOD DETAILS:
   modFile   : Z:\home\pechatnik\www\vqmod\xml\news.xml
   id        : News
   version   : For OpenCart 1.5.x
   vqmver    : 1.2.3
   author    : MarketInSG
SEARCH NOT FOUND (ABORTING MOD): <li><a href="<?php echo $voucher; ?>"><?php echo $text_voucher; ?></a></li>
SEARCH NOT FOUND (ABORTING MOD): <li><a href="<?php echo $voucher; ?>"><?php echo $text_voucher; ?></a></li>

----------------------------------------------------------------------


---------- Date: 2013-03-04 06:59:10 ~ IP : 127.0.0.1 ----------
REQUEST URI : /index.php?route=account/account
MOD DETAILS:
   modFile   : Z:\home\pechatnik\www\vqmod\xml\news.xml
   id        : News
   version   : For OpenCart 1.5.x
   vqmver    : 1.2.3
   author    : MarketInSG
SEARCH NOT FOUND (ABORTING MOD): <li><a href="<?php echo $voucher; ?>"><?php echo $text_voucher; ?></a></li>
SEARCH NOT FOUND (ABORTING MOD): <li><a href="<?php echo $voucher; ?>"><?php echo $text_voucher; ?></a></li>

----------------------------------------------------------------------


---------- Date: 2013-03-04 06:59:13 ~ IP : 127.0.0.1 ----------
REQUEST URI : /index.php?route=album/album
MOD DETAILS:
   modFile   : Z:\home\pechatnik\www\vqmod\xml\news.xml
   id        : News
   version   : For OpenCart 1.5.x
   vqmver    : 1.2.3
   author    : MarketInSG
SEARCH NOT FOUND (ABORTING MOD): <li><a href="<?php echo $voucher; ?>"><?php echo $text_voucher; ?></a></li>
SEARCH NOT FOUND (ABORTING MOD): <li><a href="<?php echo $voucher; ?>"><?php echo $text_voucher; ?></a></li>

----------------------------------------------------------------------


---------- Date: 2013-03-04 06:59:13 ~ IP : 127.0.0.1 ----------
REQUEST URI : /
MOD DETAILS:
   modFile   : Z:\home\pechatnik\www\vqmod\xml\news.xml
   id        : News
   version   : For OpenCart 1.5.x
   vqmver    : 1.2.3
   author    : MarketInSG
SEARCH NOT FOUND (ABORTING MOD): <li><a href="<?php echo $voucher; ?>"><?php echo $text_voucher; ?></a></li>
SEARCH NOT FOUND (ABORTING MOD): <li><a href="<?php echo $voucher; ?>"><?php echo $text_voucher; ?></a></li>

----------------------------------------------------------------------


---------- Date: 2013-03-04 06:59:19 ~ IP : 127.0.0.1 ----------
REQUEST URI : /index.php?route=album/content&amp;album_id=14
MOD DETAILS:
   modFile   : Z:\home\pechatnik\www\vqmod\xml\news.xml
   id        : News
   version   : For OpenCart 1.5.x
   vqmver    : 1.2.3
   author    : MarketInSG
SEARCH NOT FOUND (ABORTING MOD): <li><a href="<?php echo $voucher; ?>"><?php echo $text_voucher; ?></a></li>
SEARCH NOT FOUND (ABORTING MOD): <li><a href="<?php echo $voucher; ?>"><?php echo $text_voucher; ?></a></li>

----------------------------------------------------------------------


---------- Date: 2013-03-04 07:27:24 ~ IP : 127.0.0.1 ----------
REQUEST URI : /index.php?route=album/content/edit&amp;photo=56&amp;album=14
MOD DETAILS:
   modFile   : Z:\home\pechatnik\www\vqmod\xml\news.xml
   id        : News
   version   : For OpenCart 1.5.x
   vqmver    : 1.2.3
   author    : MarketInSG
SEARCH NOT FOUND (ABORTING MOD): <li><a href="<?php echo $voucher; ?>"><?php echo $text_voucher; ?></a></li>
SEARCH NOT FOUND (ABORTING MOD): <li><a href="<?php echo $voucher; ?>"><?php echo $text_voucher; ?></a></li>

----------------------------------------------------------------------


---------- Date: 2013-03-04 12:30:33 ~ IP : 127.0.0.1 ----------
REQUEST URI : /
MOD DETAILS:
   modFile   : Z:\home\pechatnik\www\vqmod\xml\news.xml
   id        : News
   version   : For OpenCart 1.5.x
   vqmver    : 1.2.3
   author    : MarketInSG
SEARCH NOT FOUND (ABORTING MOD): <li><a href="<?php echo $voucher; ?>"><?php echo $text_voucher; ?></a></li>
SEARCH NOT FOUND (ABORTING MOD): <li><a href="<?php echo $voucher; ?>"><?php echo $text_voucher; ?></a></li>

----------------------------------------------------------------------


---------- Date: 2013-03-04 12:30:35 ~ IP : 127.0.0.1 ----------
REQUEST URI : /index.php?route=account/account
MOD DETAILS:
   modFile   : Z:\home\pechatnik\www\vqmod\xml\news.xml
   id        : News
   version   : For OpenCart 1.5.x
   vqmver    : 1.2.3
   author    : MarketInSG
SEARCH NOT FOUND (ABORTING MOD): <li><a href="<?php echo $voucher; ?>"><?php echo $text_voucher; ?></a></li>
SEARCH NOT FOUND (ABORTING MOD): <li><a href="<?php echo $voucher; ?>"><?php echo $text_voucher; ?></a></li>

----------------------------------------------------------------------


---------- Date: 2013-03-04 12:30:38 ~ IP : 127.0.0.1 ----------
REQUEST URI : /index.php?route=album/album
MOD DETAILS:
   modFile   : Z:\home\pechatnik\www\vqmod\xml\news.xml
   id        : News
   version   : For OpenCart 1.5.x
   vqmver    : 1.2.3
   author    : MarketInSG
SEARCH NOT FOUND (ABORTING MOD): <li><a href="<?php echo $voucher; ?>"><?php echo $text_voucher; ?></a></li>
SEARCH NOT FOUND (ABORTING MOD): <li><a href="<?php echo $voucher; ?>"><?php echo $text_voucher; ?></a></li>

----------------------------------------------------------------------


---------- Date: 2013-03-04 12:30:38 ~ IP : 127.0.0.1 ----------
REQUEST URI : /
MOD DETAILS:
   modFile   : Z:\home\pechatnik\www\vqmod\xml\news.xml
   id        : News
   version   : For OpenCart 1.5.x
   vqmver    : 1.2.3
   author    : MarketInSG
SEARCH NOT FOUND (ABORTING MOD): <li><a href="<?php echo $voucher; ?>"><?php echo $text_voucher; ?></a></li>
SEARCH NOT FOUND (ABORTING MOD): <li><a href="<?php echo $voucher; ?>"><?php echo $text_voucher; ?></a></li>

----------------------------------------------------------------------


---------- Date: 2013-03-04 12:30:40 ~ IP : 127.0.0.1 ----------
REQUEST URI : /index.php?route=album/content&amp;album_id=14
MOD DETAILS:
   modFile   : Z:\home\pechatnik\www\vqmod\xml\news.xml
   id        : News
   version   : For OpenCart 1.5.x
   vqmver    : 1.2.3
   author    : MarketInSG
SEARCH NOT FOUND (ABORTING MOD): <li><a href="<?php echo $voucher; ?>"><?php echo $text_voucher; ?></a></li>
SEARCH NOT FOUND (ABORTING MOD): <li><a href="<?php echo $voucher; ?>"><?php echo $text_voucher; ?></a></li>

----------------------------------------------------------------------


---------- Date: 2013-03-04 12:30:58 ~ IP : 127.0.0.1 ----------
REQUEST URI : /index.php?route=checkout/cart
MOD DETAILS:
   modFile   : Z:\home\pechatnik\www\vqmod\xml\news.xml
   id        : News
   version   : For OpenCart 1.5.x
   vqmver    : 1.2.3
   author    : MarketInSG
SEARCH NOT FOUND (ABORTING MOD): <li><a href="<?php echo $voucher; ?>"><?php echo $text_voucher; ?></a></li>
SEARCH NOT FOUND (ABORTING MOD): <li><a href="<?php echo $voucher; ?>"><?php echo $text_voucher; ?></a></li>

----------------------------------------------------------------------


---------- Date: 2013-03-04 12:31:04 ~ IP : 127.0.0.1 ----------
REQUEST URI : /index.php?route=product/category&amp;all=1
MOD DETAILS:
   modFile   : Z:\home\pechatnik\www\vqmod\xml\news.xml
   id        : News
   version   : For OpenCart 1.5.x
   vqmver    : 1.2.3
   author    : MarketInSG
SEARCH NOT FOUND (ABORTING MOD): <li><a href="<?php echo $voucher; ?>"><?php echo $text_voucher; ?></a></li>
SEARCH NOT FOUND (ABORTING MOD): <li><a href="<?php echo $voucher; ?>"><?php echo $text_voucher; ?></a></li>

----------------------------------------------------------------------


---------- Date: 2013-03-04 12:31:08 ~ IP : 127.0.0.1 ----------
REQUEST URI : /index.php?route=product/product&amp;path=60_66&amp;product_id=67
MOD DETAILS:
   modFile   : Z:\home\pechatnik\www\vqmod\xml\news.xml
   id        : News
   version   : For OpenCart 1.5.x
   vqmver    : 1.2.3
   author    : MarketInSG
SEARCH NOT FOUND (ABORTING MOD): <li><a href="<?php echo $voucher; ?>"><?php echo $text_voucher; ?></a></li>
SEARCH NOT FOUND (ABORTING MOD): <li><a href="<?php echo $voucher; ?>"><?php echo $text_voucher; ?></a></li>

----------------------------------------------------------------------


---------- Date: 2013-03-04 12:31:13 ~ IP : 127.0.0.1 ----------
REQUEST URI : /index.php?route=checkout/cart
MOD DETAILS:
   modFile   : Z:\home\pechatnik\www\vqmod\xml\news.xml
   id        : News
   version   : For OpenCart 1.5.x
   vqmver    : 1.2.3
   author    : MarketInSG
SEARCH NOT FOUND (ABORTING MOD): <li><a href="<?php echo $voucher; ?>"><?php echo $text_voucher; ?></a></li>
SEARCH NOT FOUND (ABORTING MOD): <li><a href="<?php echo $voucher; ?>"><?php echo $text_voucher; ?></a></li>

----------------------------------------------------------------------


---------- Date: 2013-03-04 12:32:58 ~ IP : 127.0.0.1 ----------
REQUEST URI : /index.php?route=checkout/checkout
MOD DETAILS:
   modFile   : Z:\home\pechatnik\www\vqmod\xml\news.xml
   id        : News
   version   : For OpenCart 1.5.x
   vqmver    : 1.2.3
   author    : MarketInSG
SEARCH NOT FOUND (ABORTING MOD): <li><a href="<?php echo $voucher; ?>"><?php echo $text_voucher; ?></a></li>
SEARCH NOT FOUND (ABORTING MOD): <li><a href="<?php echo $voucher; ?>"><?php echo $text_voucher; ?></a></li>

----------------------------------------------------------------------


---------- Date: 2013-03-04 12:33:17 ~ IP : 127.0.0.1 ----------
REQUEST URI : /index.php?route=checkout/confirm
MOD DETAILS:
   modFile   : Z:\home\pechatnik\www\vqmod\xml\news.xml
   id        : News
   version   : For OpenCart 1.5.x
   vqmver    : 1.2.3
   author    : MarketInSG
SEARCH NOT FOUND (ABORTING MOD): <li><a href="<?php echo $voucher; ?>"><?php echo $text_voucher; ?></a></li>
SEARCH NOT FOUND (ABORTING MOD): <li><a href="<?php echo $voucher; ?>"><?php echo $text_voucher; ?></a></li>

----------------------------------------------------------------------


---------- Date: 2013-03-04 12:33:30 ~ IP : 127.0.0.1 ----------
REQUEST URI : /index.php?route=checkout/success
MOD DETAILS:
   modFile   : Z:\home\pechatnik\www\vqmod\xml\news.xml
   id        : News
   version   : For OpenCart 1.5.x
   vqmver    : 1.2.3
   author    : MarketInSG
SEARCH NOT FOUND (ABORTING MOD): <li><a href="<?php echo $voucher; ?>"><?php echo $text_voucher; ?></a></li>
SEARCH NOT FOUND (ABORTING MOD): <li><a href="<?php echo $voucher; ?>"><?php echo $text_voucher; ?></a></li>

----------------------------------------------------------------------


---------- Date: 2013-03-04 13:00:02 ~ IP : 127.0.0.1 ----------
REQUEST URI : /
MOD DETAILS:
   modFile   : Z:\home\pechatnik\www\vqmod\xml\news.xml
   id        : News
   version   : For OpenCart 1.5.x
   vqmver    : 1.2.3
   author    : MarketInSG
SEARCH NOT FOUND (ABORTING MOD): <li><a href="<?php echo $voucher; ?>"><?php echo $text_voucher; ?></a></li>
SEARCH NOT FOUND (ABORTING MOD): <li><a href="<?php echo $voucher; ?>"><?php echo $text_voucher; ?></a></li>

----------------------------------------------------------------------


---------- Date: 2013-03-04 13:00:05 ~ IP : 127.0.0.1 ----------
REQUEST URI : /index.php?route=account/account
MOD DETAILS:
   modFile   : Z:\home\pechatnik\www\vqmod\xml\news.xml
   id        : News
   version   : For OpenCart 1.5.x
   vqmver    : 1.2.3
   author    : MarketInSG
SEARCH NOT FOUND (ABORTING MOD): <li><a href="<?php echo $voucher; ?>"><?php echo $text_voucher; ?></a></li>
SEARCH NOT FOUND (ABORTING MOD): <li><a href="<?php echo $voucher; ?>"><?php echo $text_voucher; ?></a></li>

----------------------------------------------------------------------


---------- Date: 2013-03-04 13:00:09 ~ IP : 127.0.0.1 ----------
REQUEST URI : /index.php?route=album/album
MOD DETAILS:
   modFile   : Z:\home\pechatnik\www\vqmod\xml\news.xml
   id        : News
   version   : For OpenCart 1.5.x
   vqmver    : 1.2.3
   author    : MarketInSG
SEARCH NOT FOUND (ABORTING MOD): <li><a href="<?php echo $voucher; ?>"><?php echo $text_voucher; ?></a></li>
SEARCH NOT FOUND (ABORTING MOD): <li><a href="<?php echo $voucher; ?>"><?php echo $text_voucher; ?></a></li>

----------------------------------------------------------------------


---------- Date: 2013-03-04 13:00:09 ~ IP : 127.0.0.1 ----------
REQUEST URI : /
MOD DETAILS:
   modFile   : Z:\home\pechatnik\www\vqmod\xml\news.xml
   id        : News
   version   : For OpenCart 1.5.x
   vqmver    : 1.2.3
   author    : MarketInSG
SEARCH NOT FOUND (ABORTING MOD): <li><a href="<?php echo $voucher; ?>"><?php echo $text_voucher; ?></a></li>
SEARCH NOT FOUND (ABORTING MOD): <li><a href="<?php echo $voucher; ?>"><?php echo $text_voucher; ?></a></li>

----------------------------------------------------------------------


---------- Date: 2013-03-04 13:00:11 ~ IP : 127.0.0.1 ----------
REQUEST URI : /index.php?route=album/content&amp;album_id=14
MOD DETAILS:
   modFile   : Z:\home\pechatnik\www\vqmod\xml\news.xml
   id        : News
   version   : For OpenCart 1.5.x
   vqmver    : 1.2.3
   author    : MarketInSG
SEARCH NOT FOUND (ABORTING MOD): <li><a href="<?php echo $voucher; ?>"><?php echo $text_voucher; ?></a></li>
SEARCH NOT FOUND (ABORTING MOD): <li><a href="<?php echo $voucher; ?>"><?php echo $text_voucher; ?></a></li>

----------------------------------------------------------------------


---------- Date: 2013-03-04 13:00:18 ~ IP : 127.0.0.1 ----------
REQUEST URI : /index.php?route=checkout/cart
MOD DETAILS:
   modFile   : Z:\home\pechatnik\www\vqmod\xml\news.xml
   id        : News
   version   : For OpenCart 1.5.x
   vqmver    : 1.2.3
   author    : MarketInSG
SEARCH NOT FOUND (ABORTING MOD): <li><a href="<?php echo $voucher; ?>"><?php echo $text_voucher; ?></a></li>
SEARCH NOT FOUND (ABORTING MOD): <li><a href="<?php echo $voucher; ?>"><?php echo $text_voucher; ?></a></li>

----------------------------------------------------------------------


---------- Date: 2013-03-04 13:00:27 ~ IP : 127.0.0.1 ----------
REQUEST URI : /index.php?route=checkout/checkout
MOD DETAILS:
   modFile   : Z:\home\pechatnik\www\vqmod\xml\news.xml
   id        : News
   version   : For OpenCart 1.5.x
   vqmver    : 1.2.3
   author    : MarketInSG
SEARCH NOT FOUND (ABORTING MOD): <li><a href="<?php echo $voucher; ?>"><?php echo $text_voucher; ?></a></li>
SEARCH NOT FOUND (ABORTING MOD): <li><a href="<?php echo $voucher; ?>"><?php echo $text_voucher; ?></a></li>

----------------------------------------------------------------------


---------- Date: 2013-03-04 13:00:45 ~ IP : 127.0.0.1 ----------
REQUEST URI : /index.php?route=checkout/confirm
MOD DETAILS:
   modFile   : Z:\home\pechatnik\www\vqmod\xml\news.xml
   id        : News
   version   : For OpenCart 1.5.x
   vqmver    : 1.2.3
   author    : MarketInSG
SEARCH NOT FOUND (ABORTING MOD): <li><a href="<?php echo $voucher; ?>"><?php echo $text_voucher; ?></a></li>
SEARCH NOT FOUND (ABORTING MOD): <li><a href="<?php echo $voucher; ?>"><?php echo $text_voucher; ?></a></li>

----------------------------------------------------------------------


---------- Date: 2013-03-04 13:00:49 ~ IP : 127.0.0.1 ----------
REQUEST URI : /index.php?route=checkout/success
MOD DETAILS:
   modFile   : Z:\home\pechatnik\www\vqmod\xml\news.xml
   id        : News
   version   : For OpenCart 1.5.x
   vqmver    : 1.2.3
   author    : MarketInSG
SEARCH NOT FOUND (ABORTING MOD): <li><a href="<?php echo $voucher; ?>"><?php echo $text_voucher; ?></a></li>
SEARCH NOT FOUND (ABORTING MOD): <li><a href="<?php echo $voucher; ?>"><?php echo $text_voucher; ?></a></li>

----------------------------------------------------------------------


---------- Date: 2013-03-04 13:35:57 ~ IP : 127.0.0.1 ----------
REQUEST URI : /index.php?route=account/login
MOD DETAILS:
   modFile   : Z:\home\pechatnik\www\vqmod\xml\news.xml
   id        : News
   version   : For OpenCart 1.5.x
   vqmver    : 1.2.3
   author    : MarketInSG
SEARCH NOT FOUND (ABORTING MOD): <li><a href="<?php echo $voucher; ?>"><?php echo $text_voucher; ?></a></li>
SEARCH NOT FOUND (ABORTING MOD): <li><a href="<?php echo $voucher; ?>"><?php echo $text_voucher; ?></a></li>

----------------------------------------------------------------------


---------- Date: 2013-03-04 13:36:45 ~ IP : 127.0.0.1 ----------
REQUEST URI : /index.php?route=account/login
MOD DETAILS:
   modFile   : Z:\home\pechatnik\www\vqmod\xml\news.xml
   id        : News
   version   : For OpenCart 1.5.x
   vqmver    : 1.2.3
   author    : MarketInSG
SEARCH NOT FOUND (ABORTING MOD): <li><a href="<?php echo $voucher; ?>"><?php echo $text_voucher; ?></a></li>
SEARCH NOT FOUND (ABORTING MOD): <li><a href="<?php echo $voucher; ?>"><?php echo $text_voucher; ?></a></li>

----------------------------------------------------------------------


---------- Date: 2013-03-04 13:36:48 ~ IP : 127.0.0.1 ----------
REQUEST URI : /index.php?route=account/login
MOD DETAILS:
   modFile   : Z:\home\pechatnik\www\vqmod\xml\news.xml
   id        : News
   version   : For OpenCart 1.5.x
   vqmver    : 1.2.3
   author    : MarketInSG
SEARCH NOT FOUND (ABORTING MOD): <li><a href="<?php echo $voucher; ?>"><?php echo $text_voucher; ?></a></li>
SEARCH NOT FOUND (ABORTING MOD): <li><a href="<?php echo $voucher; ?>"><?php echo $text_voucher; ?></a></li>

----------------------------------------------------------------------


---------- Date: 2013-03-04 13:36:50 ~ IP : 127.0.0.1 ----------
REQUEST URI : /index.php?route=account/account
MOD DETAILS:
   modFile   : Z:\home\pechatnik\www\vqmod\xml\news.xml
   id        : News
   version   : For OpenCart 1.5.x
   vqmver    : 1.2.3
   author    : MarketInSG
SEARCH NOT FOUND (ABORTING MOD): <li><a href="<?php echo $voucher; ?>"><?php echo $text_voucher; ?></a></li>
SEARCH NOT FOUND (ABORTING MOD): <li><a href="<?php echo $voucher; ?>"><?php echo $text_voucher; ?></a></li>

----------------------------------------------------------------------


---------- Date: 2013-03-04 13:36:52 ~ IP : 127.0.0.1 ----------
REQUEST URI : /index.php?route=album/album
MOD DETAILS:
   modFile   : Z:\home\pechatnik\www\vqmod\xml\news.xml
   id        : News
   version   : For OpenCart 1.5.x
   vqmver    : 1.2.3
   author    : MarketInSG
SEARCH NOT FOUND (ABORTING MOD): <li><a href="<?php echo $voucher; ?>"><?php echo $text_voucher; ?></a></li>
SEARCH NOT FOUND (ABORTING MOD): <li><a href="<?php echo $voucher; ?>"><?php echo $text_voucher; ?></a></li>

----------------------------------------------------------------------


---------- Date: 2013-03-04 13:36:53 ~ IP : 127.0.0.1 ----------
REQUEST URI : /
MOD DETAILS:
   modFile   : Z:\home\pechatnik\www\vqmod\xml\news.xml
   id        : News
   version   : For OpenCart 1.5.x
   vqmver    : 1.2.3
   author    : MarketInSG
SEARCH NOT FOUND (ABORTING MOD): <li><a href="<?php echo $voucher; ?>"><?php echo $text_voucher; ?></a></li>
SEARCH NOT FOUND (ABORTING MOD): <li><a href="<?php echo $voucher; ?>"><?php echo $text_voucher; ?></a></li>

----------------------------------------------------------------------


---------- Date: 2013-03-04 13:36:54 ~ IP : 127.0.0.1 ----------
REQUEST URI : /index.php?route=album/content&amp;album_id=14
MOD DETAILS:
   modFile   : Z:\home\pechatnik\www\vqmod\xml\news.xml
   id        : News
   version   : For OpenCart 1.5.x
   vqmver    : 1.2.3
   author    : MarketInSG
SEARCH NOT FOUND (ABORTING MOD): <li><a href="<?php echo $voucher; ?>"><?php echo $text_voucher; ?></a></li>
SEARCH NOT FOUND (ABORTING MOD): <li><a href="<?php echo $voucher; ?>"><?php echo $text_voucher; ?></a></li>

----------------------------------------------------------------------


---------- Date: 2013-03-04 13:37:02 ~ IP : 127.0.0.1 ----------
REQUEST URI : /index.php?route=checkout/cart
MOD DETAILS:
   modFile   : Z:\home\pechatnik\www\vqmod\xml\news.xml
   id        : News
   version   : For OpenCart 1.5.x
   vqmver    : 1.2.3
   author    : MarketInSG
SEARCH NOT FOUND (ABORTING MOD): <li><a href="<?php echo $voucher; ?>"><?php echo $text_voucher; ?></a></li>
SEARCH NOT FOUND (ABORTING MOD): <li><a href="<?php echo $voucher; ?>"><?php echo $text_voucher; ?></a></li>

----------------------------------------------------------------------


---------- Date: 2013-03-04 13:37:40 ~ IP : 127.0.0.1 ----------
REQUEST URI : /index.php?route=checkout/cart
MOD DETAILS:
   modFile   : Z:\home\pechatnik\www\vqmod\xml\news.xml
   id        : News
   version   : For OpenCart 1.5.x
   vqmver    : 1.2.3
   author    : MarketInSG
SEARCH NOT FOUND (ABORTING MOD): <li><a href="<?php echo $voucher; ?>"><?php echo $text_voucher; ?></a></li>
SEARCH NOT FOUND (ABORTING MOD): <li><a href="<?php echo $voucher; ?>"><?php echo $text_voucher; ?></a></li>

----------------------------------------------------------------------


---------- Date: 2013-03-04 13:37:42 ~ IP : 127.0.0.1 ----------
REQUEST URI : /index.php?route=checkout/cart
MOD DETAILS:
   modFile   : Z:\home\pechatnik\www\vqmod\xml\news.xml
   id        : News
   version   : For OpenCart 1.5.x
   vqmver    : 1.2.3
   author    : MarketInSG
SEARCH NOT FOUND (ABORTING MOD): <li><a href="<?php echo $voucher; ?>"><?php echo $text_voucher; ?></a></li>
SEARCH NOT FOUND (ABORTING MOD): <li><a href="<?php echo $voucher; ?>"><?php echo $text_voucher; ?></a></li>

----------------------------------------------------------------------


---------- Date: 2013-03-04 13:38:15 ~ IP : 127.0.0.1 ----------
REQUEST URI : /index.php?route=checkout/cart
MOD DETAILS:
   modFile   : Z:\home\pechatnik\www\vqmod\xml\news.xml
   id        : News
   version   : For OpenCart 1.5.x
   vqmver    : 1.2.3
   author    : MarketInSG
SEARCH NOT FOUND (ABORTING MOD): <li><a href="<?php echo $voucher; ?>"><?php echo $text_voucher; ?></a></li>
SEARCH NOT FOUND (ABORTING MOD): <li><a href="<?php echo $voucher; ?>"><?php echo $text_voucher; ?></a></li>

----------------------------------------------------------------------


---------- Date: 2013-03-04 13:38:49 ~ IP : 127.0.0.1 ----------
REQUEST URI : /index.php?route=checkout/cart
MOD DETAILS:
   modFile   : Z:\home\pechatnik\www\vqmod\xml\news.xml
   id        : News
   version   : For OpenCart 1.5.x
   vqmver    : 1.2.3
   author    : MarketInSG
SEARCH NOT FOUND (ABORTING MOD): <li><a href="<?php echo $voucher; ?>"><?php echo $text_voucher; ?></a></li>
SEARCH NOT FOUND (ABORTING MOD): <li><a href="<?php echo $voucher; ?>"><?php echo $text_voucher; ?></a></li>

----------------------------------------------------------------------


---------- Date: 2013-03-04 13:39:13 ~ IP : 127.0.0.1 ----------
REQUEST URI : /index.php?route=checkout/cart
MOD DETAILS:
   modFile   : Z:\home\pechatnik\www\vqmod\xml\news.xml
   id        : News
   version   : For OpenCart 1.5.x
   vqmver    : 1.2.3
   author    : MarketInSG
SEARCH NOT FOUND (ABORTING MOD): <li><a href="<?php echo $voucher; ?>"><?php echo $text_voucher; ?></a></li>
SEARCH NOT FOUND (ABORTING MOD): <li><a href="<?php echo $voucher; ?>"><?php echo $text_voucher; ?></a></li>

----------------------------------------------------------------------


---------- Date: 2013-03-04 13:39:24 ~ IP : 127.0.0.1 ----------
REQUEST URI : /index.php?route=checkout/cart
MOD DETAILS:
   modFile   : Z:\home\pechatnik\www\vqmod\xml\news.xml
   id        : News
   version   : For OpenCart 1.5.x
   vqmver    : 1.2.3
   author    : MarketInSG
SEARCH NOT FOUND (ABORTING MOD): <li><a href="<?php echo $voucher; ?>"><?php echo $text_voucher; ?></a></li>
SEARCH NOT FOUND (ABORTING MOD): <li><a href="<?php echo $voucher; ?>"><?php echo $text_voucher; ?></a></li>

----------------------------------------------------------------------


---------- Date: 2013-03-04 13:39:27 ~ IP : 127.0.0.1 ----------
REQUEST URI : /index.php?route=checkout/cart
MOD DETAILS:
   modFile   : Z:\home\pechatnik\www\vqmod\xml\news.xml
   id        : News
   version   : For OpenCart 1.5.x
   vqmver    : 1.2.3
   author    : MarketInSG
SEARCH NOT FOUND (ABORTING MOD): <li><a href="<?php echo $voucher; ?>"><?php echo $text_voucher; ?></a></li>
SEARCH NOT FOUND (ABORTING MOD): <li><a href="<?php echo $voucher; ?>"><?php echo $text_voucher; ?></a></li>

----------------------------------------------------------------------


---------- Date: 2013-03-04 13:39:28 ~ IP : 127.0.0.1 ----------
REQUEST URI : /index.php?route=checkout/cart
MOD DETAILS:
   modFile   : Z:\home\pechatnik\www\vqmod\xml\news.xml
   id        : News
   version   : For OpenCart 1.5.x
   vqmver    : 1.2.3
   author    : MarketInSG
SEARCH NOT FOUND (ABORTING MOD): <li><a href="<?php echo $voucher; ?>"><?php echo $text_voucher; ?></a></li>
SEARCH NOT FOUND (ABORTING MOD): <li><a href="<?php echo $voucher; ?>"><?php echo $text_voucher; ?></a></li>

----------------------------------------------------------------------


---------- Date: 2013-03-04 13:39:30 ~ IP : 127.0.0.1 ----------
REQUEST URI : /index.php?route=checkout/cart
MOD DETAILS:
   modFile   : Z:\home\pechatnik\www\vqmod\xml\news.xml
   id        : News
   version   : For OpenCart 1.5.x
   vqmver    : 1.2.3
   author    : MarketInSG
SEARCH NOT FOUND (ABORTING MOD): <li><a href="<?php echo $voucher; ?>"><?php echo $text_voucher; ?></a></li>
SEARCH NOT FOUND (ABORTING MOD): <li><a href="<?php echo $voucher; ?>"><?php echo $text_voucher; ?></a></li>

----------------------------------------------------------------------


---------- Date: 2013-03-04 13:39:45 ~ IP : 127.0.0.1 ----------
REQUEST URI : /index.php?route=checkout/checkout
MOD DETAILS:
   modFile   : Z:\home\pechatnik\www\vqmod\xml\news.xml
   id        : News
   version   : For OpenCart 1.5.x
   vqmver    : 1.2.3
   author    : MarketInSG
SEARCH NOT FOUND (ABORTING MOD): <li><a href="<?php echo $voucher; ?>"><?php echo $text_voucher; ?></a></li>
SEARCH NOT FOUND (ABORTING MOD): <li><a href="<?php echo $voucher; ?>"><?php echo $text_voucher; ?></a></li>

----------------------------------------------------------------------


---------- Date: 2013-03-04 13:40:29 ~ IP : 127.0.0.1 ----------
REQUEST URI : /index.php?route=checkout/checkout
MOD DETAILS:
   modFile   : Z:\home\pechatnik\www\vqmod\xml\news.xml
   id        : News
   version   : For OpenCart 1.5.x
   vqmver    : 1.2.3
   author    : MarketInSG
SEARCH NOT FOUND (ABORTING MOD): <li><a href="<?php echo $voucher; ?>"><?php echo $text_voucher; ?></a></li>
SEARCH NOT FOUND (ABORTING MOD): <li><a href="<?php echo $voucher; ?>"><?php echo $text_voucher; ?></a></li>

----------------------------------------------------------------------


---------- Date: 2013-03-04 13:40:54 ~ IP : 127.0.0.1 ----------
REQUEST URI : /index.php?route=checkout/checkout
MOD DETAILS:
   modFile   : Z:\home\pechatnik\www\vqmod\xml\news.xml
   id        : News
   version   : For OpenCart 1.5.x
   vqmver    : 1.2.3
   author    : MarketInSG
SEARCH NOT FOUND (ABORTING MOD): <li><a href="<?php echo $voucher; ?>"><?php echo $text_voucher; ?></a></li>
SEARCH NOT FOUND (ABORTING MOD): <li><a href="<?php echo $voucher; ?>"><?php echo $text_voucher; ?></a></li>

----------------------------------------------------------------------


---------- Date: 2013-03-04 13:41:55 ~ IP : 127.0.0.1 ----------
REQUEST URI : /index.php?route=checkout/confirm
MOD DETAILS:
   modFile   : Z:\home\pechatnik\www\vqmod\xml\news.xml
   id        : News
   version   : For OpenCart 1.5.x
   vqmver    : 1.2.3
   author    : MarketInSG
SEARCH NOT FOUND (ABORTING MOD): <li><a href="<?php echo $voucher; ?>"><?php echo $text_voucher; ?></a></li>
SEARCH NOT FOUND (ABORTING MOD): <li><a href="<?php echo $voucher; ?>"><?php echo $text_voucher; ?></a></li>

----------------------------------------------------------------------


---------- Date: 2013-03-04 13:42:40 ~ IP : 127.0.0.1 ----------
REQUEST URI : /index.php?route=checkout/confirm
MOD DETAILS:
   modFile   : Z:\home\pechatnik\www\vqmod\xml\news.xml
   id        : News
   version   : For OpenCart 1.5.x
   vqmver    : 1.2.3
   author    : MarketInSG
SEARCH NOT FOUND (ABORTING MOD): <li><a href="<?php echo $voucher; ?>"><?php echo $text_voucher; ?></a></li>
SEARCH NOT FOUND (ABORTING MOD): <li><a href="<?php echo $voucher; ?>"><?php echo $text_voucher; ?></a></li>

----------------------------------------------------------------------


---------- Date: 2013-03-04 13:45:38 ~ IP : 127.0.0.1 ----------
REQUEST URI : /index.php?route=checkout/confirm
MOD DETAILS:
   modFile   : Z:\home\pechatnik\www\vqmod\xml\news.xml
   id        : News
   version   : For OpenCart 1.5.x
   vqmver    : 1.2.3
   author    : MarketInSG
SEARCH NOT FOUND (ABORTING MOD): <li><a href="<?php echo $voucher; ?>"><?php echo $text_voucher; ?></a></li>
SEARCH NOT FOUND (ABORTING MOD): <li><a href="<?php echo $voucher; ?>"><?php echo $text_voucher; ?></a></li>

----------------------------------------------------------------------


---------- Date: 2013-03-04 13:46:56 ~ IP : 127.0.0.1 ----------
REQUEST URI : /index.php?route=checkout/confirm
MOD DETAILS:
   modFile   : Z:\home\pechatnik\www\vqmod\xml\news.xml
   id        : News
   version   : For OpenCart 1.5.x
   vqmver    : 1.2.3
   author    : MarketInSG
SEARCH NOT FOUND (ABORTING MOD): <li><a href="<?php echo $voucher; ?>"><?php echo $text_voucher; ?></a></li>
SEARCH NOT FOUND (ABORTING MOD): <li><a href="<?php echo $voucher; ?>"><?php echo $text_voucher; ?></a></li>

----------------------------------------------------------------------


---------- Date: 2013-03-04 13:48:18 ~ IP : 127.0.0.1 ----------
REQUEST URI : /index.php?route=checkout/confirm
MOD DETAILS:
   modFile   : Z:\home\pechatnik\www\vqmod\xml\news.xml
   id        : News
   version   : For OpenCart 1.5.x
   vqmver    : 1.2.3
   author    : MarketInSG
SEARCH NOT FOUND (ABORTING MOD): <li><a href="<?php echo $voucher; ?>"><?php echo $text_voucher; ?></a></li>
SEARCH NOT FOUND (ABORTING MOD): <li><a href="<?php echo $voucher; ?>"><?php echo $text_voucher; ?></a></li>

----------------------------------------------------------------------


---------- Date: 2013-03-04 13:49:16 ~ IP : 127.0.0.1 ----------
REQUEST URI : /index.php?route=checkout/confirm
MOD DETAILS:
   modFile   : Z:\home\pechatnik\www\vqmod\xml\news.xml
   id        : News
   version   : For OpenCart 1.5.x
   vqmver    : 1.2.3
   author    : MarketInSG
SEARCH NOT FOUND (ABORTING MOD): <li><a href="<?php echo $voucher; ?>"><?php echo $text_voucher; ?></a></li>
SEARCH NOT FOUND (ABORTING MOD): <li><a href="<?php echo $voucher; ?>"><?php echo $text_voucher; ?></a></li>

----------------------------------------------------------------------


---------- Date: 2013-03-04 13:50:12 ~ IP : 127.0.0.1 ----------
REQUEST URI : /index.php?route=checkout/confirm
MOD DETAILS:
   modFile   : Z:\home\pechatnik\www\vqmod\xml\news.xml
   id        : News
   version   : For OpenCart 1.5.x
   vqmver    : 1.2.3
   author    : MarketInSG
SEARCH NOT FOUND (ABORTING MOD): <li><a href="<?php echo $voucher; ?>"><?php echo $text_voucher; ?></a></li>
SEARCH NOT FOUND (ABORTING MOD): <li><a href="<?php echo $voucher; ?>"><?php echo $text_voucher; ?></a></li>

----------------------------------------------------------------------


---------- Date: 2013-03-04 13:50:49 ~ IP : 127.0.0.1 ----------
REQUEST URI : /index.php?route=checkout/confirm
MOD DETAILS:
   modFile   : Z:\home\pechatnik\www\vqmod\xml\news.xml
   id        : News
   version   : For OpenCart 1.5.x
   vqmver    : 1.2.3
   author    : MarketInSG
SEARCH NOT FOUND (ABORTING MOD): <li><a href="<?php echo $voucher; ?>"><?php echo $text_voucher; ?></a></li>
SEARCH NOT FOUND (ABORTING MOD): <li><a href="<?php echo $voucher; ?>"><?php echo $text_voucher; ?></a></li>

----------------------------------------------------------------------


---------- Date: 2013-03-04 13:51:46 ~ IP : 127.0.0.1 ----------
REQUEST URI : /index.php?route=checkout/confirm
MOD DETAILS:
   modFile   : Z:\home\pechatnik\www\vqmod\xml\news.xml
   id        : News
   version   : For OpenCart 1.5.x
   vqmver    : 1.2.3
   author    : MarketInSG
SEARCH NOT FOUND (ABORTING MOD): <li><a href="<?php echo $voucher; ?>"><?php echo $text_voucher; ?></a></li>
SEARCH NOT FOUND (ABORTING MOD): <li><a href="<?php echo $voucher; ?>"><?php echo $text_voucher; ?></a></li>

----------------------------------------------------------------------


---------- Date: 2013-03-04 13:52:47 ~ IP : 127.0.0.1 ----------
REQUEST URI : /index.php?route=checkout/confirm
MOD DETAILS:
   modFile   : Z:\home\pechatnik\www\vqmod\xml\news.xml
   id        : News
   version   : For OpenCart 1.5.x
   vqmver    : 1.2.3
   author    : MarketInSG
SEARCH NOT FOUND (ABORTING MOD): <li><a href="<?php echo $voucher; ?>"><?php echo $text_voucher; ?></a></li>
SEARCH NOT FOUND (ABORTING MOD): <li><a href="<?php echo $voucher; ?>"><?php echo $text_voucher; ?></a></li>

----------------------------------------------------------------------


---------- Date: 2013-03-04 13:59:40 ~ IP : 127.0.0.1 ----------
REQUEST URI : /index.php?route=checkout/confirm
MOD DETAILS:
   modFile   : Z:\home\pechatnik\www\vqmod\xml\news.xml
   id        : News
   version   : For OpenCart 1.5.x
   vqmver    : 1.2.3
   author    : MarketInSG
SEARCH NOT FOUND (ABORTING MOD): <li><a href="<?php echo $voucher; ?>"><?php echo $text_voucher; ?></a></li>
SEARCH NOT FOUND (ABORTING MOD): <li><a href="<?php echo $voucher; ?>"><?php echo $text_voucher; ?></a></li>

----------------------------------------------------------------------


---------- Date: 2013-03-04 14:00:07 ~ IP : 127.0.0.1 ----------
REQUEST URI : /index.php?route=checkout/confirm
MOD DETAILS:
   modFile   : Z:\home\pechatnik\www\vqmod\xml\news.xml
   id        : News
   version   : For OpenCart 1.5.x
   vqmver    : 1.2.3
   author    : MarketInSG
SEARCH NOT FOUND (ABORTING MOD): <li><a href="<?php echo $voucher; ?>"><?php echo $text_voucher; ?></a></li>
SEARCH NOT FOUND (ABORTING MOD): <li><a href="<?php echo $voucher; ?>"><?php echo $text_voucher; ?></a></li>

----------------------------------------------------------------------


---------- Date: 2013-03-04 14:02:28 ~ IP : 127.0.0.1 ----------
REQUEST URI : /index.php?route=checkout/checkout
MOD DETAILS:
   modFile   : Z:\home\pechatnik\www\vqmod\xml\news.xml
   id        : News
   version   : For OpenCart 1.5.x
   vqmver    : 1.2.3
   author    : MarketInSG
SEARCH NOT FOUND (ABORTING MOD): <li><a href="<?php echo $voucher; ?>"><?php echo $text_voucher; ?></a></li>
SEARCH NOT FOUND (ABORTING MOD): <li><a href="<?php echo $voucher; ?>"><?php echo $text_voucher; ?></a></li>

----------------------------------------------------------------------


---------- Date: 2013-03-04 14:02:30 ~ IP : 127.0.0.1 ----------
REQUEST URI : /index.php?route=checkout/checkout
MOD DETAILS:
   modFile   : Z:\home\pechatnik\www\vqmod\xml\news.xml
   id        : News
   version   : For OpenCart 1.5.x
   vqmver    : 1.2.3
   author    : MarketInSG
SEARCH NOT FOUND (ABORTING MOD): <li><a href="<?php echo $voucher; ?>"><?php echo $text_voucher; ?></a></li>
SEARCH NOT FOUND (ABORTING MOD): <li><a href="<?php echo $voucher; ?>"><?php echo $text_voucher; ?></a></li>

----------------------------------------------------------------------


---------- Date: 2013-03-04 14:03:13 ~ IP : 127.0.0.1 ----------
REQUEST URI : /index.php?route=checkout/checkout
MOD DETAILS:
   modFile   : Z:\home\pechatnik\www\vqmod\xml\news.xml
   id        : News
   version   : For OpenCart 1.5.x
   vqmver    : 1.2.3
   author    : MarketInSG
SEARCH NOT FOUND (ABORTING MOD): <li><a href="<?php echo $voucher; ?>"><?php echo $text_voucher; ?></a></li>
SEARCH NOT FOUND (ABORTING MOD): <li><a href="<?php echo $voucher; ?>"><?php echo $text_voucher; ?></a></li>

----------------------------------------------------------------------


---------- Date: 2013-03-04 14:04:14 ~ IP : 127.0.0.1 ----------
REQUEST URI : /index.php?route=checkout/checkout
MOD DETAILS:
   modFile   : Z:\home\pechatnik\www\vqmod\xml\news.xml
   id        : News
   version   : For OpenCart 1.5.x
   vqmver    : 1.2.3
   author    : MarketInSG
SEARCH NOT FOUND (ABORTING MOD): <li><a href="<?php echo $voucher; ?>"><?php echo $text_voucher; ?></a></li>
SEARCH NOT FOUND (ABORTING MOD): <li><a href="<?php echo $voucher; ?>"><?php echo $text_voucher; ?></a></li>

----------------------------------------------------------------------


---------- Date: 2013-03-04 14:04:45 ~ IP : 127.0.0.1 ----------
REQUEST URI : /index.php?route=checkout/checkout
MOD DETAILS:
   modFile   : Z:\home\pechatnik\www\vqmod\xml\news.xml
   id        : News
   version   : For OpenCart 1.5.x
   vqmver    : 1.2.3
   author    : MarketInSG
SEARCH NOT FOUND (ABORTING MOD): <li><a href="<?php echo $voucher; ?>"><?php echo $text_voucher; ?></a></li>
SEARCH NOT FOUND (ABORTING MOD): <li><a href="<?php echo $voucher; ?>"><?php echo $text_voucher; ?></a></li>

----------------------------------------------------------------------


---------- Date: 2013-03-04 14:05:30 ~ IP : 127.0.0.1 ----------
REQUEST URI : /index.php?route=checkout/checkout
MOD DETAILS:
   modFile   : Z:\home\pechatnik\www\vqmod\xml\news.xml
   id        : News
   version   : For OpenCart 1.5.x
   vqmver    : 1.2.3
   author    : MarketInSG
SEARCH NOT FOUND (ABORTING MOD): <li><a href="<?php echo $voucher; ?>"><?php echo $text_voucher; ?></a></li>
SEARCH NOT FOUND (ABORTING MOD): <li><a href="<?php echo $voucher; ?>"><?php echo $text_voucher; ?></a></li>

----------------------------------------------------------------------


---------- Date: 2013-03-04 14:07:05 ~ IP : 127.0.0.1 ----------
REQUEST URI : /index.php?route=checkout/checkout
MOD DETAILS:
   modFile   : Z:\home\pechatnik\www\vqmod\xml\news.xml
   id        : News
   version   : For OpenCart 1.5.x
   vqmver    : 1.2.3
   author    : MarketInSG
SEARCH NOT FOUND (ABORTING MOD): <li><a href="<?php echo $voucher; ?>"><?php echo $text_voucher; ?></a></li>
SEARCH NOT FOUND (ABORTING MOD): <li><a href="<?php echo $voucher; ?>"><?php echo $text_voucher; ?></a></li>

----------------------------------------------------------------------


---------- Date: 2013-03-04 14:07:16 ~ IP : 127.0.0.1 ----------
REQUEST URI : /index.php?route=checkout/confirm
MOD DETAILS:
   modFile   : Z:\home\pechatnik\www\vqmod\xml\news.xml
   id        : News
   version   : For OpenCart 1.5.x
   vqmver    : 1.2.3
   author    : MarketInSG
SEARCH NOT FOUND (ABORTING MOD): <li><a href="<?php echo $voucher; ?>"><?php echo $text_voucher; ?></a></li>
SEARCH NOT FOUND (ABORTING MOD): <li><a href="<?php echo $voucher; ?>"><?php echo $text_voucher; ?></a></li>

----------------------------------------------------------------------


---------- Date: 2013-03-04 14:07:28 ~ IP : 127.0.0.1 ----------
REQUEST URI : /index.php?route=checkout/confirm
MOD DETAILS:
   modFile   : Z:\home\pechatnik\www\vqmod\xml\news.xml
   id        : News
   version   : For OpenCart 1.5.x
   vqmver    : 1.2.3
   author    : MarketInSG
SEARCH NOT FOUND (ABORTING MOD): <li><a href="<?php echo $voucher; ?>"><?php echo $text_voucher; ?></a></li>
SEARCH NOT FOUND (ABORTING MOD): <li><a href="<?php echo $voucher; ?>"><?php echo $text_voucher; ?></a></li>

----------------------------------------------------------------------


---------- Date: 2013-03-04 14:09:06 ~ IP : 127.0.0.1 ----------
REQUEST URI : /index.php?route=checkout/confirm
MOD DETAILS:
   modFile   : Z:\home\pechatnik\www\vqmod\xml\news.xml
   id        : News
   version   : For OpenCart 1.5.x
   vqmver    : 1.2.3
   author    : MarketInSG
SEARCH NOT FOUND (ABORTING MOD): <li><a href="<?php echo $voucher; ?>"><?php echo $text_voucher; ?></a></li>
SEARCH NOT FOUND (ABORTING MOD): <li><a href="<?php echo $voucher; ?>"><?php echo $text_voucher; ?></a></li>

----------------------------------------------------------------------


---------- Date: 2013-03-04 14:21:19 ~ IP : 127.0.0.1 ----------
REQUEST URI : /index.php?route=checkout/confirm
MOD DETAILS:
   modFile   : Z:\home\pechatnik\www\vqmod\xml\news.xml
   id        : News
   version   : For OpenCart 1.5.x
   vqmver    : 1.2.3
   author    : MarketInSG
SEARCH NOT FOUND (ABORTING MOD): <li><a href="<?php echo $voucher; ?>"><?php echo $text_voucher; ?></a></li>
SEARCH NOT FOUND (ABORTING MOD): <li><a href="<?php echo $voucher; ?>"><?php echo $text_voucher; ?></a></li>

----------------------------------------------------------------------


---------- Date: 2013-03-04 14:21:50 ~ IP : 127.0.0.1 ----------
REQUEST URI : /index.php?route=checkout/confirm
MOD DETAILS:
   modFile   : Z:\home\pechatnik\www\vqmod\xml\news.xml
   id        : News
   version   : For OpenCart 1.5.x
   vqmver    : 1.2.3
   author    : MarketInSG
SEARCH NOT FOUND (ABORTING MOD): <li><a href="<?php echo $voucher; ?>"><?php echo $text_voucher; ?></a></li>
SEARCH NOT FOUND (ABORTING MOD): <li><a href="<?php echo $voucher; ?>"><?php echo $text_voucher; ?></a></li>

----------------------------------------------------------------------


---------- Date: 2013-03-04 14:24:00 ~ IP : 127.0.0.1 ----------
REQUEST URI : /index.php?route=checkout/confirm
MOD DETAILS:
   modFile   : Z:\home\pechatnik\www\vqmod\xml\news.xml
   id        : News
   version   : For OpenCart 1.5.x
   vqmver    : 1.2.3
   author    : MarketInSG
SEARCH NOT FOUND (ABORTING MOD): <li><a href="<?php echo $voucher; ?>"><?php echo $text_voucher; ?></a></li>
SEARCH NOT FOUND (ABORTING MOD): <li><a href="<?php echo $voucher; ?>"><?php echo $text_voucher; ?></a></li>

----------------------------------------------------------------------


---------- Date: 2013-03-04 14:24:37 ~ IP : 127.0.0.1 ----------
REQUEST URI : /index.php?route=checkout/confirm
MOD DETAILS:
   modFile   : Z:\home\pechatnik\www\vqmod\xml\news.xml
   id        : News
   version   : For OpenCart 1.5.x
   vqmver    : 1.2.3
   author    : MarketInSG
SEARCH NOT FOUND (ABORTING MOD): <li><a href="<?php echo $voucher; ?>"><?php echo $text_voucher; ?></a></li>
SEARCH NOT FOUND (ABORTING MOD): <li><a href="<?php echo $voucher; ?>"><?php echo $text_voucher; ?></a></li>

----------------------------------------------------------------------


---------- Date: 2013-03-04 14:26:06 ~ IP : 127.0.0.1 ----------
REQUEST URI : /index.php?route=checkout/confirm
MOD DETAILS:
   modFile   : Z:\home\pechatnik\www\vqmod\xml\news.xml
   id        : News
   version   : For OpenCart 1.5.x
   vqmver    : 1.2.3
   author    : MarketInSG
SEARCH NOT FOUND (ABORTING MOD): <li><a href="<?php echo $voucher; ?>"><?php echo $text_voucher; ?></a></li>
SEARCH NOT FOUND (ABORTING MOD): <li><a href="<?php echo $voucher; ?>"><?php echo $text_voucher; ?></a></li>

----------------------------------------------------------------------


---------- Date: 2013-03-04 14:26:19 ~ IP : 127.0.0.1 ----------
REQUEST URI : /index.php?route=checkout/confirm
MOD DETAILS:
   modFile   : Z:\home\pechatnik\www\vqmod\xml\news.xml
   id        : News
   version   : For OpenCart 1.5.x
   vqmver    : 1.2.3
   author    : MarketInSG
SEARCH NOT FOUND (ABORTING MOD): <li><a href="<?php echo $voucher; ?>"><?php echo $text_voucher; ?></a></li>
SEARCH NOT FOUND (ABORTING MOD): <li><a href="<?php echo $voucher; ?>"><?php echo $text_voucher; ?></a></li>

----------------------------------------------------------------------


---------- Date: 2013-03-04 14:27:38 ~ IP : 127.0.0.1 ----------
REQUEST URI : /index.php?route=checkout/confirm
MOD DETAILS:
   modFile   : Z:\home\pechatnik\www\vqmod\xml\news.xml
   id        : News
   version   : For OpenCart 1.5.x
   vqmver    : 1.2.3
   author    : MarketInSG
SEARCH NOT FOUND (ABORTING MOD): <li><a href="<?php echo $voucher; ?>"><?php echo $text_voucher; ?></a></li>
SEARCH NOT FOUND (ABORTING MOD): <li><a href="<?php echo $voucher; ?>"><?php echo $text_voucher; ?></a></li>

----------------------------------------------------------------------


---------- Date: 2013-03-04 14:28:03 ~ IP : 127.0.0.1 ----------
REQUEST URI : /index.php?route=checkout/confirm
MOD DETAILS:
   modFile   : Z:\home\pechatnik\www\vqmod\xml\news.xml
   id        : News
   version   : For OpenCart 1.5.x
   vqmver    : 1.2.3
   author    : MarketInSG
SEARCH NOT FOUND (ABORTING MOD): <li><a href="<?php echo $voucher; ?>"><?php echo $text_voucher; ?></a></li>
SEARCH NOT FOUND (ABORTING MOD): <li><a href="<?php echo $voucher; ?>"><?php echo $text_voucher; ?></a></li>

----------------------------------------------------------------------


---------- Date: 2013-03-04 14:28:41 ~ IP : 127.0.0.1 ----------
REQUEST URI : /index.php?route=checkout/confirm
MOD DETAILS:
   modFile   : Z:\home\pechatnik\www\vqmod\xml\news.xml
   id        : News
   version   : For OpenCart 1.5.x
   vqmver    : 1.2.3
   author    : MarketInSG
SEARCH NOT FOUND (ABORTING MOD): <li><a href="<?php echo $voucher; ?>"><?php echo $text_voucher; ?></a></li>
SEARCH NOT FOUND (ABORTING MOD): <li><a href="<?php echo $voucher; ?>"><?php echo $text_voucher; ?></a></li>

----------------------------------------------------------------------


---------- Date: 2013-03-04 14:28:45 ~ IP : 127.0.0.1 ----------
REQUEST URI : /index.php?route=checkout/confirm
MOD DETAILS:
   modFile   : Z:\home\pechatnik\www\vqmod\xml\news.xml
   id        : News
   version   : For OpenCart 1.5.x
   vqmver    : 1.2.3
   author    : MarketInSG
SEARCH NOT FOUND (ABORTING MOD): <li><a href="<?php echo $voucher; ?>"><?php echo $text_voucher; ?></a></li>
SEARCH NOT FOUND (ABORTING MOD): <li><a href="<?php echo $voucher; ?>"><?php echo $text_voucher; ?></a></li>

----------------------------------------------------------------------


---------- Date: 2013-03-04 14:29:46 ~ IP : 127.0.0.1 ----------
REQUEST URI : /index.php?route=checkout/confirm
MOD DETAILS:
   modFile   : Z:\home\pechatnik\www\vqmod\xml\news.xml
   id        : News
   version   : For OpenCart 1.5.x
   vqmver    : 1.2.3
   author    : MarketInSG
SEARCH NOT FOUND (ABORTING MOD): <li><a href="<?php echo $voucher; ?>"><?php echo $text_voucher; ?></a></li>
SEARCH NOT FOUND (ABORTING MOD): <li><a href="<?php echo $voucher; ?>"><?php echo $text_voucher; ?></a></li>

----------------------------------------------------------------------


---------- Date: 2013-03-04 14:30:13 ~ IP : 127.0.0.1 ----------
REQUEST URI : /index.php?route=checkout/confirm
MOD DETAILS:
   modFile   : Z:\home\pechatnik\www\vqmod\xml\news.xml
   id        : News
   version   : For OpenCart 1.5.x
   vqmver    : 1.2.3
   author    : MarketInSG
SEARCH NOT FOUND (ABORTING MOD): <li><a href="<?php echo $voucher; ?>"><?php echo $text_voucher; ?></a></li>
SEARCH NOT FOUND (ABORTING MOD): <li><a href="<?php echo $voucher; ?>"><?php echo $text_voucher; ?></a></li>

----------------------------------------------------------------------


---------- Date: 2013-03-04 14:30:22 ~ IP : 127.0.0.1 ----------
REQUEST URI : /index.php?route=checkout/confirm
MOD DETAILS:
   modFile   : Z:\home\pechatnik\www\vqmod\xml\news.xml
   id        : News
   version   : For OpenCart 1.5.x
   vqmver    : 1.2.3
   author    : MarketInSG
SEARCH NOT FOUND (ABORTING MOD): <li><a href="<?php echo $voucher; ?>"><?php echo $text_voucher; ?></a></li>
SEARCH NOT FOUND (ABORTING MOD): <li><a href="<?php echo $voucher; ?>"><?php echo $text_voucher; ?></a></li>

----------------------------------------------------------------------


---------- Date: 2013-03-04 14:30:34 ~ IP : 127.0.0.1 ----------
REQUEST URI : /index.php?route=checkout/confirm
MOD DETAILS:
   modFile   : Z:\home\pechatnik\www\vqmod\xml\news.xml
   id        : News
   version   : For OpenCart 1.5.x
   vqmver    : 1.2.3
   author    : MarketInSG
SEARCH NOT FOUND (ABORTING MOD): <li><a href="<?php echo $voucher; ?>"><?php echo $text_voucher; ?></a></li>
SEARCH NOT FOUND (ABORTING MOD): <li><a href="<?php echo $voucher; ?>"><?php echo $text_voucher; ?></a></li>

----------------------------------------------------------------------


---------- Date: 2013-03-04 14:31:36 ~ IP : 127.0.0.1 ----------
REQUEST URI : /index.php?route=checkout/confirm
MOD DETAILS:
   modFile   : Z:\home\pechatnik\www\vqmod\xml\news.xml
   id        : News
   version   : For OpenCart 1.5.x
   vqmver    : 1.2.3
   author    : MarketInSG
SEARCH NOT FOUND (ABORTING MOD): <li><a href="<?php echo $voucher; ?>"><?php echo $text_voucher; ?></a></li>
SEARCH NOT FOUND (ABORTING MOD): <li><a href="<?php echo $voucher; ?>"><?php echo $text_voucher; ?></a></li>

----------------------------------------------------------------------


---------- Date: 2013-03-04 14:32:00 ~ IP : 127.0.0.1 ----------
REQUEST URI : /index.php?route=checkout/confirm
MOD DETAILS:
   modFile   : Z:\home\pechatnik\www\vqmod\xml\news.xml
   id        : News
   version   : For OpenCart 1.5.x
   vqmver    : 1.2.3
   author    : MarketInSG
SEARCH NOT FOUND (ABORTING MOD): <li><a href="<?php echo $voucher; ?>"><?php echo $text_voucher; ?></a></li>
SEARCH NOT FOUND (ABORTING MOD): <li><a href="<?php echo $voucher; ?>"><?php echo $text_voucher; ?></a></li>

----------------------------------------------------------------------


---------- Date: 2013-03-04 14:32:04 ~ IP : 127.0.0.1 ----------
REQUEST URI : /index.php?route=checkout/confirm
MOD DETAILS:
   modFile   : Z:\home\pechatnik\www\vqmod\xml\news.xml
   id        : News
   version   : For OpenCart 1.5.x
   vqmver    : 1.2.3
   author    : MarketInSG
SEARCH NOT FOUND (ABORTING MOD): <li><a href="<?php echo $voucher; ?>"><?php echo $text_voucher; ?></a></li>
SEARCH NOT FOUND (ABORTING MOD): <li><a href="<?php echo $voucher; ?>"><?php echo $text_voucher; ?></a></li>

----------------------------------------------------------------------


---------- Date: 2013-03-04 14:32:07 ~ IP : 127.0.0.1 ----------
REQUEST URI : /index.php?route=checkout/confirm
MOD DETAILS:
   modFile   : Z:\home\pechatnik\www\vqmod\xml\news.xml
   id        : News
   version   : For OpenCart 1.5.x
   vqmver    : 1.2.3
   author    : MarketInSG
SEARCH NOT FOUND (ABORTING MOD): <li><a href="<?php echo $voucher; ?>"><?php echo $text_voucher; ?></a></li>
SEARCH NOT FOUND (ABORTING MOD): <li><a href="<?php echo $voucher; ?>"><?php echo $text_voucher; ?></a></li>

----------------------------------------------------------------------


---------- Date: 2013-03-04 14:32:48 ~ IP : 127.0.0.1 ----------
REQUEST URI : /index.php?route=checkout/confirm
MOD DETAILS:
   modFile   : Z:\home\pechatnik\www\vqmod\xml\news.xml
   id        : News
   version   : For OpenCart 1.5.x
   vqmver    : 1.2.3
   author    : MarketInSG
SEARCH NOT FOUND (ABORTING MOD): <li><a href="<?php echo $voucher; ?>"><?php echo $text_voucher; ?></a></li>
SEARCH NOT FOUND (ABORTING MOD): <li><a href="<?php echo $voucher; ?>"><?php echo $text_voucher; ?></a></li>

----------------------------------------------------------------------


---------- Date: 2013-03-04 14:32:56 ~ IP : 127.0.0.1 ----------
REQUEST URI : /index.php?route=checkout/confirm
MOD DETAILS:
   modFile   : Z:\home\pechatnik\www\vqmod\xml\news.xml
   id        : News
   version   : For OpenCart 1.5.x
   vqmver    : 1.2.3
   author    : MarketInSG
SEARCH NOT FOUND (ABORTING MOD): <li><a href="<?php echo $voucher; ?>"><?php echo $text_voucher; ?></a></li>
SEARCH NOT FOUND (ABORTING MOD): <li><a href="<?php echo $voucher; ?>"><?php echo $text_voucher; ?></a></li>

----------------------------------------------------------------------


---------- Date: 2013-03-04 14:33:28 ~ IP : 127.0.0.1 ----------
REQUEST URI : /index.php?route=checkout/success
MOD DETAILS:
   modFile   : Z:\home\pechatnik\www\vqmod\xml\news.xml
   id        : News
   version   : For OpenCart 1.5.x
   vqmver    : 1.2.3
   author    : MarketInSG
SEARCH NOT FOUND (ABORTING MOD): <li><a href="<?php echo $voucher; ?>"><?php echo $text_voucher; ?></a></li>
SEARCH NOT FOUND (ABORTING MOD): <li><a href="<?php echo $voucher; ?>"><?php echo $text_voucher; ?></a></li>

----------------------------------------------------------------------


---------- Date: 2013-03-04 14:42:52 ~ IP : 127.0.0.1 ----------
REQUEST URI : /
MOD DETAILS:
   modFile   : Z:\home\pechatnik\www\vqmod\xml\news.xml
   id        : News
   version   : For OpenCart 1.5.x
   vqmver    : 1.2.3
   author    : MarketInSG
SEARCH NOT FOUND (ABORTING MOD): <li><a href="<?php echo $voucher; ?>"><?php echo $text_voucher; ?></a></li>
SEARCH NOT FOUND (ABORTING MOD): <li><a href="<?php echo $voucher; ?>"><?php echo $text_voucher; ?></a></li>

----------------------------------------------------------------------


---------- Date: 2013-03-04 14:43:08 ~ IP : 127.0.0.1 ----------
REQUEST URI : /index.php?route=account/account
MOD DETAILS:
   modFile   : Z:\home\pechatnik\www\vqmod\xml\news.xml
   id        : News
   version   : For OpenCart 1.5.x
   vqmver    : 1.2.3
   author    : MarketInSG
SEARCH NOT FOUND (ABORTING MOD): <li><a href="<?php echo $voucher; ?>"><?php echo $text_voucher; ?></a></li>
SEARCH NOT FOUND (ABORTING MOD): <li><a href="<?php echo $voucher; ?>"><?php echo $text_voucher; ?></a></li>

----------------------------------------------------------------------


---------- Date: 2013-03-04 14:43:16 ~ IP : 127.0.0.1 ----------
REQUEST URI : /index.php?route=account/newsletter
MOD DETAILS:
   modFile   : Z:\home\pechatnik\www\vqmod\xml\news.xml
   id        : News
   version   : For OpenCart 1.5.x
   vqmver    : 1.2.3
   author    : MarketInSG
SEARCH NOT FOUND (ABORTING MOD): <li><a href="<?php echo $voucher; ?>"><?php echo $text_voucher; ?></a></li>
SEARCH NOT FOUND (ABORTING MOD): <li><a href="<?php echo $voucher; ?>"><?php echo $text_voucher; ?></a></li>

----------------------------------------------------------------------


---------- Date: 2013-03-04 14:43:21 ~ IP : 127.0.0.1 ----------
REQUEST URI : /index.php?route=account/account
MOD DETAILS:
   modFile   : Z:\home\pechatnik\www\vqmod\xml\news.xml
   id        : News
   version   : For OpenCart 1.5.x
   vqmver    : 1.2.3
   author    : MarketInSG
SEARCH NOT FOUND (ABORTING MOD): <li><a href="<?php echo $voucher; ?>"><?php echo $text_voucher; ?></a></li>
SEARCH NOT FOUND (ABORTING MOD): <li><a href="<?php echo $voucher; ?>"><?php echo $text_voucher; ?></a></li>

----------------------------------------------------------------------


---------- Date: 2013-03-04 14:43:30 ~ IP : 127.0.0.1 ----------
REQUEST URI : /index.php?route=account/logout
MOD DETAILS:
   modFile   : Z:\home\pechatnik\www\vqmod\xml\news.xml
   id        : News
   version   : For OpenCart 1.5.x
   vqmver    : 1.2.3
   author    : MarketInSG
SEARCH NOT FOUND (ABORTING MOD): <li><a href="<?php echo $voucher; ?>"><?php echo $text_voucher; ?></a></li>
SEARCH NOT FOUND (ABORTING MOD): <li><a href="<?php echo $voucher; ?>"><?php echo $text_voucher; ?></a></li>

----------------------------------------------------------------------


---------- Date: 2013-03-04 14:43:33 ~ IP : 127.0.0.1 ----------
REQUEST URI : /index.php?route=account/register
MOD DETAILS:
   modFile   : Z:\home\pechatnik\www\vqmod\xml\news.xml
   id        : News
   version   : For OpenCart 1.5.x
   vqmver    : 1.2.3
   author    : MarketInSG
SEARCH NOT FOUND (ABORTING MOD): <li><a href="<?php echo $voucher; ?>"><?php echo $text_voucher; ?></a></li>
SEARCH NOT FOUND (ABORTING MOD): <li><a href="<?php echo $voucher; ?>"><?php echo $text_voucher; ?></a></li>

----------------------------------------------------------------------


---------- Date: 2013-03-04 14:43:47 ~ IP : 127.0.0.1 ----------
REQUEST URI : /index.php?route=account/account
MOD DETAILS:
   modFile   : Z:\home\pechatnik\www\vqmod\xml\news.xml
   id        : News
   version   : For OpenCart 1.5.x
   vqmver    : 1.2.3
   author    : MarketInSG
SEARCH NOT FOUND (ABORTING MOD): <li><a href="<?php echo $voucher; ?>"><?php echo $text_voucher; ?></a></li>
SEARCH NOT FOUND (ABORTING MOD): <li><a href="<?php echo $voucher; ?>"><?php echo $text_voucher; ?></a></li>

----------------------------------------------------------------------


---------- Date: 2013-03-04 14:43:50 ~ IP : 127.0.0.1 ----------
REQUEST URI : /index.php?route=account/transaction
MOD DETAILS:
   modFile   : Z:\home\pechatnik\www\vqmod\xml\news.xml
   id        : News
   version   : For OpenCart 1.5.x
   vqmver    : 1.2.3
   author    : MarketInSG
SEARCH NOT FOUND (ABORTING MOD): <li><a href="<?php echo $voucher; ?>"><?php echo $text_voucher; ?></a></li>
SEARCH NOT FOUND (ABORTING MOD): <li><a href="<?php echo $voucher; ?>"><?php echo $text_voucher; ?></a></li>

----------------------------------------------------------------------


---------- Date: 2013-03-04 14:43:59 ~ IP : 127.0.0.1 ----------
REQUEST URI : /index.php?route=account/account
MOD DETAILS:
   modFile   : Z:\home\pechatnik\www\vqmod\xml\news.xml
   id        : News
   version   : For OpenCart 1.5.x
   vqmver    : 1.2.3
   author    : MarketInSG
SEARCH NOT FOUND (ABORTING MOD): <li><a href="<?php echo $voucher; ?>"><?php echo $text_voucher; ?></a></li>
SEARCH NOT FOUND (ABORTING MOD): <li><a href="<?php echo $voucher; ?>"><?php echo $text_voucher; ?></a></li>

----------------------------------------------------------------------


---------- Date: 2013-03-04 14:44:02 ~ IP : 127.0.0.1 ----------
REQUEST URI : /index.php?route=account/edit
MOD DETAILS:
   modFile   : Z:\home\pechatnik\www\vqmod\xml\news.xml
   id        : News
   version   : For OpenCart 1.5.x
   vqmver    : 1.2.3
   author    : MarketInSG
SEARCH NOT FOUND (ABORTING MOD): <li><a href="<?php echo $voucher; ?>"><?php echo $text_voucher; ?></a></li>
SEARCH NOT FOUND (ABORTING MOD): <li><a href="<?php echo $voucher; ?>"><?php echo $text_voucher; ?></a></li>

----------------------------------------------------------------------


---------- Date: 2013-03-04 14:44:09 ~ IP : 127.0.0.1 ----------
REQUEST URI : /index.php?route=account/account
MOD DETAILS:
   modFile   : Z:\home\pechatnik\www\vqmod\xml\news.xml
   id        : News
   version   : For OpenCart 1.5.x
   vqmver    : 1.2.3
   author    : MarketInSG
SEARCH NOT FOUND (ABORTING MOD): <li><a href="<?php echo $voucher; ?>"><?php echo $text_voucher; ?></a></li>
SEARCH NOT FOUND (ABORTING MOD): <li><a href="<?php echo $voucher; ?>"><?php echo $text_voucher; ?></a></li>

----------------------------------------------------------------------


---------- Date: 2013-03-04 14:44:11 ~ IP : 127.0.0.1 ----------
REQUEST URI : /index.php?route=account/password
MOD DETAILS:
   modFile   : Z:\home\pechatnik\www\vqmod\xml\news.xml
   id        : News
   version   : For OpenCart 1.5.x
   vqmver    : 1.2.3
   author    : MarketInSG
SEARCH NOT FOUND (ABORTING MOD): <li><a href="<?php echo $voucher; ?>"><?php echo $text_voucher; ?></a></li>
SEARCH NOT FOUND (ABORTING MOD): <li><a href="<?php echo $voucher; ?>"><?php echo $text_voucher; ?></a></li>

----------------------------------------------------------------------


---------- Date: 2013-03-04 14:44:14 ~ IP : 127.0.0.1 ----------
REQUEST URI : /index.php?route=account/account
MOD DETAILS:
   modFile   : Z:\home\pechatnik\www\vqmod\xml\news.xml
   id        : News
   version   : For OpenCart 1.5.x
   vqmver    : 1.2.3
   author    : MarketInSG
SEARCH NOT FOUND (ABORTING MOD): <li><a href="<?php echo $voucher; ?>"><?php echo $text_voucher; ?></a></li>
SEARCH NOT FOUND (ABORTING MOD): <li><a href="<?php echo $voucher; ?>"><?php echo $text_voucher; ?></a></li>

----------------------------------------------------------------------


---------- Date: 2013-03-04 14:44:16 ~ IP : 127.0.0.1 ----------
REQUEST URI : /index.php?route=account/address
MOD DETAILS:
   modFile   : Z:\home\pechatnik\www\vqmod\xml\news.xml
   id        : News
   version   : For OpenCart 1.5.x
   vqmver    : 1.2.3
   author    : MarketInSG
SEARCH NOT FOUND (ABORTING MOD): <li><a href="<?php echo $voucher; ?>"><?php echo $text_voucher; ?></a></li>
SEARCH NOT FOUND (ABORTING MOD): <li><a href="<?php echo $voucher; ?>"><?php echo $text_voucher; ?></a></li>

----------------------------------------------------------------------


---------- Date: 2013-03-04 14:44:25 ~ IP : 127.0.0.1 ----------
REQUEST URI : /index.php?route=account/address/update&amp;address_id=5
MOD DETAILS:
   modFile   : Z:\home\pechatnik\www\vqmod\xml\news.xml
   id        : News
   version   : For OpenCart 1.5.x
   vqmver    : 1.2.3
   author    : MarketInSG
SEARCH NOT FOUND (ABORTING MOD): <li><a href="<?php echo $voucher; ?>"><?php echo $text_voucher; ?></a></li>
SEARCH NOT FOUND (ABORTING MOD): <li><a href="<?php echo $voucher; ?>"><?php echo $text_voucher; ?></a></li>

----------------------------------------------------------------------


---------- Date: 2013-03-04 14:44:32 ~ IP : 127.0.0.1 ----------
REQUEST URI : /index.php?route=account/address
MOD DETAILS:
   modFile   : Z:\home\pechatnik\www\vqmod\xml\news.xml
   id        : News
   version   : For OpenCart 1.5.x
   vqmver    : 1.2.3
   author    : MarketInSG
SEARCH NOT FOUND (ABORTING MOD): <li><a href="<?php echo $voucher; ?>"><?php echo $text_voucher; ?></a></li>
SEARCH NOT FOUND (ABORTING MOD): <li><a href="<?php echo $voucher; ?>"><?php echo $text_voucher; ?></a></li>

----------------------------------------------------------------------


---------- Date: 2013-03-04 14:44:39 ~ IP : 127.0.0.1 ----------
REQUEST URI : /index.php?route=account/address/update&amp;address_id=5
MOD DETAILS:
   modFile   : Z:\home\pechatnik\www\vqmod\xml\news.xml
   id        : News
   version   : For OpenCart 1.5.x
   vqmver    : 1.2.3
   author    : MarketInSG
SEARCH NOT FOUND (ABORTING MOD): <li><a href="<?php echo $voucher; ?>"><?php echo $text_voucher; ?></a></li>
SEARCH NOT FOUND (ABORTING MOD): <li><a href="<?php echo $voucher; ?>"><?php echo $text_voucher; ?></a></li>

----------------------------------------------------------------------


---------- Date: 2013-03-04 14:44:41 ~ IP : 127.0.0.1 ----------
REQUEST URI : /index.php?route=account/address
MOD DETAILS:
   modFile   : Z:\home\pechatnik\www\vqmod\xml\news.xml
   id        : News
   version   : For OpenCart 1.5.x
   vqmver    : 1.2.3
   author    : MarketInSG
SEARCH NOT FOUND (ABORTING MOD): <li><a href="<?php echo $voucher; ?>"><?php echo $text_voucher; ?></a></li>
SEARCH NOT FOUND (ABORTING MOD): <li><a href="<?php echo $voucher; ?>"><?php echo $text_voucher; ?></a></li>

----------------------------------------------------------------------


---------- Date: 2013-03-04 14:44:42 ~ IP : 127.0.0.1 ----------
REQUEST URI : /index.php?route=account/account
MOD DETAILS:
   modFile   : Z:\home\pechatnik\www\vqmod\xml\news.xml
   id        : News
   version   : For OpenCart 1.5.x
   vqmver    : 1.2.3
   author    : MarketInSG
SEARCH NOT FOUND (ABORTING MOD): <li><a href="<?php echo $voucher; ?>"><?php echo $text_voucher; ?></a></li>
SEARCH NOT FOUND (ABORTING MOD): <li><a href="<?php echo $voucher; ?>"><?php echo $text_voucher; ?></a></li>

----------------------------------------------------------------------


---------- Date: 2013-03-04 14:44:44 ~ IP : 127.0.0.1 ----------
REQUEST URI : /index.php?route=account/wishlist
MOD DETAILS:
   modFile   : Z:\home\pechatnik\www\vqmod\xml\news.xml
   id        : News
   version   : For OpenCart 1.5.x
   vqmver    : 1.2.3
   author    : MarketInSG
SEARCH NOT FOUND (ABORTING MOD): <li><a href="<?php echo $voucher; ?>"><?php echo $text_voucher; ?></a></li>
SEARCH NOT FOUND (ABORTING MOD): <li><a href="<?php echo $voucher; ?>"><?php echo $text_voucher; ?></a></li>

----------------------------------------------------------------------


---------- Date: 2013-03-04 14:44:46 ~ IP : 127.0.0.1 ----------
REQUEST URI : /index.php?route=account/account
MOD DETAILS:
   modFile   : Z:\home\pechatnik\www\vqmod\xml\news.xml
   id        : News
   version   : For OpenCart 1.5.x
   vqmver    : 1.2.3
   author    : MarketInSG
SEARCH NOT FOUND (ABORTING MOD): <li><a href="<?php echo $voucher; ?>"><?php echo $text_voucher; ?></a></li>
SEARCH NOT FOUND (ABORTING MOD): <li><a href="<?php echo $voucher; ?>"><?php echo $text_voucher; ?></a></li>

----------------------------------------------------------------------


---------- Date: 2013-03-04 14:44:49 ~ IP : 127.0.0.1 ----------
REQUEST URI : /index.php?route=account/order
MOD DETAILS:
   modFile   : Z:\home\pechatnik\www\vqmod\xml\news.xml
   id        : News
   version   : For OpenCart 1.5.x
   vqmver    : 1.2.3
   author    : MarketInSG
SEARCH NOT FOUND (ABORTING MOD): <li><a href="<?php echo $voucher; ?>"><?php echo $text_voucher; ?></a></li>
SEARCH NOT FOUND (ABORTING MOD): <li><a href="<?php echo $voucher; ?>"><?php echo $text_voucher; ?></a></li>

----------------------------------------------------------------------


---------- Date: 2013-03-04 14:44:52 ~ IP : 127.0.0.1 ----------
REQUEST URI : /index.php?route=account/account
MOD DETAILS:
   modFile   : Z:\home\pechatnik\www\vqmod\xml\news.xml
   id        : News
   version   : For OpenCart 1.5.x
   vqmver    : 1.2.3
   author    : MarketInSG
SEARCH NOT FOUND (ABORTING MOD): <li><a href="<?php echo $voucher; ?>"><?php echo $text_voucher; ?></a></li>
SEARCH NOT FOUND (ABORTING MOD): <li><a href="<?php echo $voucher; ?>"><?php echo $text_voucher; ?></a></li>

----------------------------------------------------------------------


---------- Date: 2013-03-04 14:44:55 ~ IP : 127.0.0.1 ----------
REQUEST URI : /index.php?route=account/order
MOD DETAILS:
   modFile   : Z:\home\pechatnik\www\vqmod\xml\news.xml
   id        : News
   version   : For OpenCart 1.5.x
   vqmver    : 1.2.3
   author    : MarketInSG
SEARCH NOT FOUND (ABORTING MOD): <li><a href="<?php echo $voucher; ?>"><?php echo $text_voucher; ?></a></li>
SEARCH NOT FOUND (ABORTING MOD): <li><a href="<?php echo $voucher; ?>"><?php echo $text_voucher; ?></a></li>

----------------------------------------------------------------------


---------- Date: 2013-03-04 14:44:56 ~ IP : 127.0.0.1 ----------
REQUEST URI : /index.php?route=account/order/info&amp;order_id=39
MOD DETAILS:
   modFile   : Z:\home\pechatnik\www\vqmod\xml\news.xml
   id        : News
   version   : For OpenCart 1.5.x
   vqmver    : 1.2.3
   author    : MarketInSG
SEARCH NOT FOUND (ABORTING MOD): <li><a href="<?php echo $voucher; ?>"><?php echo $text_voucher; ?></a></li>
SEARCH NOT FOUND (ABORTING MOD): <li><a href="<?php echo $voucher; ?>"><?php echo $text_voucher; ?></a></li>

----------------------------------------------------------------------


---------- Date: 2013-03-04 14:45:00 ~ IP : 127.0.0.1 ----------
REQUEST URI : /index.php?route=account/order
MOD DETAILS:
   modFile   : Z:\home\pechatnik\www\vqmod\xml\news.xml
   id        : News
   version   : For OpenCart 1.5.x
   vqmver    : 1.2.3
   author    : MarketInSG
SEARCH NOT FOUND (ABORTING MOD): <li><a href="<?php echo $voucher; ?>"><?php echo $text_voucher; ?></a></li>
SEARCH NOT FOUND (ABORTING MOD): <li><a href="<?php echo $voucher; ?>"><?php echo $text_voucher; ?></a></li>

----------------------------------------------------------------------


---------- Date: 2013-03-04 14:45:04 ~ IP : 127.0.0.1 ----------
REQUEST URI : /index.php?route=account/order/info&amp;order_id=37
MOD DETAILS:
   modFile   : Z:\home\pechatnik\www\vqmod\xml\news.xml
   id        : News
   version   : For OpenCart 1.5.x
   vqmver    : 1.2.3
   author    : MarketInSG
SEARCH NOT FOUND (ABORTING MOD): <li><a href="<?php echo $voucher; ?>"><?php echo $text_voucher; ?></a></li>
SEARCH NOT FOUND (ABORTING MOD): <li><a href="<?php echo $voucher; ?>"><?php echo $text_voucher; ?></a></li>

----------------------------------------------------------------------


---------- Date: 2013-03-04 14:45:09 ~ IP : 127.0.0.1 ----------
REQUEST URI : /index.php?route=account/order
MOD DETAILS:
   modFile   : Z:\home\pechatnik\www\vqmod\xml\news.xml
   id        : News
   version   : For OpenCart 1.5.x
   vqmver    : 1.2.3
   author    : MarketInSG
SEARCH NOT FOUND (ABORTING MOD): <li><a href="<?php echo $voucher; ?>"><?php echo $text_voucher; ?></a></li>
SEARCH NOT FOUND (ABORTING MOD): <li><a href="<?php echo $voucher; ?>"><?php echo $text_voucher; ?></a></li>

----------------------------------------------------------------------


---------- Date: 2013-03-04 14:45:18 ~ IP : 127.0.0.1 ----------
REQUEST URI : /index.php?route=product/category&amp;all=1
MOD DETAILS:
   modFile   : Z:\home\pechatnik\www\vqmod\xml\news.xml
   id        : News
   version   : For OpenCart 1.5.x
   vqmver    : 1.2.3
   author    : MarketInSG
SEARCH NOT FOUND (ABORTING MOD): <li><a href="<?php echo $voucher; ?>"><?php echo $text_voucher; ?></a></li>
SEARCH NOT FOUND (ABORTING MOD): <li><a href="<?php echo $voucher; ?>"><?php echo $text_voucher; ?></a></li>

----------------------------------------------------------------------


---------- Date: 2013-03-04 14:46:27 ~ IP : 127.0.0.1 ----------
REQUEST URI : /index.php?route=product/category&amp;all=1
MOD DETAILS:
   modFile   : Z:\home\pechatnik\www\vqmod\xml\news.xml
   id        : News
   version   : For OpenCart 1.5.x
   vqmver    : 1.2.3
   author    : MarketInSG
SEARCH NOT FOUND (ABORTING MOD): <li><a href="<?php echo $voucher; ?>"><?php echo $text_voucher; ?></a></li>
SEARCH NOT FOUND (ABORTING MOD): <li><a href="<?php echo $voucher; ?>"><?php echo $text_voucher; ?></a></li>

----------------------------------------------------------------------


---------- Date: 2013-03-04 14:46:29 ~ IP : 127.0.0.1 ----------
REQUEST URI : /index.php?route=product/product&amp;path=59_65&amp;product_id=69
MOD DETAILS:
   modFile   : Z:\home\pechatnik\www\vqmod\xml\news.xml
   id        : News
   version   : For OpenCart 1.5.x
   vqmver    : 1.2.3
   author    : MarketInSG
SEARCH NOT FOUND (ABORTING MOD): <li><a href="<?php echo $voucher; ?>"><?php echo $text_voucher; ?></a></li>
SEARCH NOT FOUND (ABORTING MOD): <li><a href="<?php echo $voucher; ?>"><?php echo $text_voucher; ?></a></li>

----------------------------------------------------------------------


---------- Date: 2013-03-04 14:46:35 ~ IP : 127.0.0.1 ----------
REQUEST URI : /index.php?route=checkout/cart
MOD DETAILS:
   modFile   : Z:\home\pechatnik\www\vqmod\xml\news.xml
   id        : News
   version   : For OpenCart 1.5.x
   vqmver    : 1.2.3
   author    : MarketInSG
SEARCH NOT FOUND (ABORTING MOD): <li><a href="<?php echo $voucher; ?>"><?php echo $text_voucher; ?></a></li>
SEARCH NOT FOUND (ABORTING MOD): <li><a href="<?php echo $voucher; ?>"><?php echo $text_voucher; ?></a></li>

----------------------------------------------------------------------


---------- Date: 2013-03-04 14:46:47 ~ IP : 127.0.0.1 ----------
REQUEST URI : /index.php?route=account/account
MOD DETAILS:
   modFile   : Z:\home\pechatnik\www\vqmod\xml\news.xml
   id        : News
   version   : For OpenCart 1.5.x
   vqmver    : 1.2.3
   author    : MarketInSG
SEARCH NOT FOUND (ABORTING MOD): <li><a href="<?php echo $voucher; ?>"><?php echo $text_voucher; ?></a></li>
SEARCH NOT FOUND (ABORTING MOD): <li><a href="<?php echo $voucher; ?>"><?php echo $text_voucher; ?></a></li>

----------------------------------------------------------------------


---------- Date: 2013-03-04 14:46:56 ~ IP : 127.0.0.1 ----------
REQUEST URI : /index.php?route=account/newsletter
MOD DETAILS:
   modFile   : Z:\home\pechatnik\www\vqmod\xml\news.xml
   id        : News
   version   : For OpenCart 1.5.x
   vqmver    : 1.2.3
   author    : MarketInSG
SEARCH NOT FOUND (ABORTING MOD): <li><a href="<?php echo $voucher; ?>"><?php echo $text_voucher; ?></a></li>
SEARCH NOT FOUND (ABORTING MOD): <li><a href="<?php echo $voucher; ?>"><?php echo $text_voucher; ?></a></li>

----------------------------------------------------------------------


---------- Date: 2013-03-04 14:47:00 ~ IP : 127.0.0.1 ----------
REQUEST URI : /index.php?route=account/account
MOD DETAILS:
   modFile   : Z:\home\pechatnik\www\vqmod\xml\news.xml
   id        : News
   version   : For OpenCart 1.5.x
   vqmver    : 1.2.3
   author    : MarketInSG
SEARCH NOT FOUND (ABORTING MOD): <li><a href="<?php echo $voucher; ?>"><?php echo $text_voucher; ?></a></li>
SEARCH NOT FOUND (ABORTING MOD): <li><a href="<?php echo $voucher; ?>"><?php echo $text_voucher; ?></a></li>

----------------------------------------------------------------------


---------- Date: 2013-03-04 14:47:03 ~ IP : 127.0.0.1 ----------
REQUEST URI : /index.php?route=account/newsletter
MOD DETAILS:
   modFile   : Z:\home\pechatnik\www\vqmod\xml\news.xml
   id        : News
   version   : For OpenCart 1.5.x
   vqmver    : 1.2.3
   author    : MarketInSG
SEARCH NOT FOUND (ABORTING MOD): <li><a href="<?php echo $voucher; ?>"><?php echo $text_voucher; ?></a></li>
SEARCH NOT FOUND (ABORTING MOD): <li><a href="<?php echo $voucher; ?>"><?php echo $text_voucher; ?></a></li>

----------------------------------------------------------------------


---------- Date: 2013-03-04 14:47:07 ~ IP : 127.0.0.1 ----------
REQUEST URI : /index.php?route=account/account
MOD DETAILS:
   modFile   : Z:\home\pechatnik\www\vqmod\xml\news.xml
   id        : News
   version   : For OpenCart 1.5.x
   vqmver    : 1.2.3
   author    : MarketInSG
SEARCH NOT FOUND (ABORTING MOD): <li><a href="<?php echo $voucher; ?>"><?php echo $text_voucher; ?></a></li>
SEARCH NOT FOUND (ABORTING MOD): <li><a href="<?php echo $voucher; ?>"><?php echo $text_voucher; ?></a></li>

----------------------------------------------------------------------


---------- Date: 2013-03-04 14:47:19 ~ IP : 127.0.0.1 ----------
REQUEST URI : /index.php?route=account/order
MOD DETAILS:
   modFile   : Z:\home\pechatnik\www\vqmod\xml\news.xml
   id        : News
   version   : For OpenCart 1.5.x
   vqmver    : 1.2.3
   author    : MarketInSG
SEARCH NOT FOUND (ABORTING MOD): <li><a href="<?php echo $voucher; ?>"><?php echo $text_voucher; ?></a></li>
SEARCH NOT FOUND (ABORTING MOD): <li><a href="<?php echo $voucher; ?>"><?php echo $text_voucher; ?></a></li>

----------------------------------------------------------------------


---------- Date: 2013-03-04 14:47:21 ~ IP : 127.0.0.1 ----------
REQUEST URI : /index.php?route=account/account
MOD DETAILS:
   modFile   : Z:\home\pechatnik\www\vqmod\xml\news.xml
   id        : News
   version   : For OpenCart 1.5.x
   vqmver    : 1.2.3
   author    : MarketInSG
SEARCH NOT FOUND (ABORTING MOD): <li><a href="<?php echo $voucher; ?>"><?php echo $text_voucher; ?></a></li>
SEARCH NOT FOUND (ABORTING MOD): <li><a href="<?php echo $voucher; ?>"><?php echo $text_voucher; ?></a></li>

----------------------------------------------------------------------


---------- Date: 2013-03-04 14:47:25 ~ IP : 127.0.0.1 ----------
REQUEST URI : /index.php?route=account/download
MOD DETAILS:
   modFile   : Z:\home\pechatnik\www\vqmod\xml\news.xml
   id        : News
   version   : For OpenCart 1.5.x
   vqmver    : 1.2.3
   author    : MarketInSG
SEARCH NOT FOUND (ABORTING MOD): <li><a href="<?php echo $voucher; ?>"><?php echo $text_voucher; ?></a></li>
SEARCH NOT FOUND (ABORTING MOD): <li><a href="<?php echo $voucher; ?>"><?php echo $text_voucher; ?></a></li>

----------------------------------------------------------------------


---------- Date: 2013-03-04 14:47:27 ~ IP : 127.0.0.1 ----------
REQUEST URI : /index.php?route=account/account
MOD DETAILS:
   modFile   : Z:\home\pechatnik\www\vqmod\xml\news.xml
   id        : News
   version   : For OpenCart 1.5.x
   vqmver    : 1.2.3
   author    : MarketInSG
SEARCH NOT FOUND (ABORTING MOD): <li><a href="<?php echo $voucher; ?>"><?php echo $text_voucher; ?></a></li>
SEARCH NOT FOUND (ABORTING MOD): <li><a href="<?php echo $voucher; ?>"><?php echo $text_voucher; ?></a></li>

----------------------------------------------------------------------


